0 info it worked if it ends with ok
1 verbose cli [ '/usr/bin/node', '/usr/bin/npm', 'install', 'grunt-cli', '-g' ]
2 info using npm@1.4.14
3 info using node@v0.10.29
4 verbose node symlink /usr/bin/node
5 verbose cache add [ 'grunt-cli', null ]
6 verbose cache add name=undefined spec="grunt-cli" args=["grunt-cli",null]
7 verbose parsed url { protocol: null,
7 verbose parsed url   slashes: null,
7 verbose parsed url   auth: null,
7 verbose parsed url   host: null,
7 verbose parsed url   port: null,
7 verbose parsed url   hostname: null,
7 verbose parsed url   hash: null,
7 verbose parsed url   search: null,
7 verbose parsed url   query: null,
7 verbose parsed url   pathname: 'grunt-cli',
7 verbose parsed url   path: 'grunt-cli',
7 verbose parsed url   href: 'grunt-cli' }
8 silly lockFile 671ef8ac-grunt-cli grunt-cli
9 verbose lock grunt-cli /home/anoop/.npm/671ef8ac-grunt-cli.lock
10 silly lockFile 671ef8ac-grunt-cli grunt-cli
11 silly lockFile 671ef8ac-grunt-cli grunt-cli
12 verbose addNamed [ 'grunt-cli', '' ]
13 verbose addNamed [ null, '*' ]
14 silly lockFile d63f3d0b-grunt-cli grunt-cli@
15 verbose lock grunt-cli@ /home/anoop/.npm/d63f3d0b-grunt-cli.lock
16 silly addNameRange { name: 'grunt-cli', range: '*', hasData: false }
17 verbose url raw grunt-cli
18 verbose url resolving [ 'https://registry.npmjs.org/', './grunt-cli' ]
19 verbose url resolved https://registry.npmjs.org/grunt-cli
20 info trying registry request attempt 1 at 15:47:43
21 http GET https://registry.npmjs.org/grunt-cli
22 http 200 https://registry.npmjs.org/grunt-cli
23 silly registry.get cb [ 200,
23 silly registry.get   { date: 'Thu, 26 Jun 2014 10:17:44 GMT',
23 silly registry.get     server: 'CouchDB/1.5.0 (Erlang OTP/R16B03)',
23 silly registry.get     etag: '"383SAZQG21KE99L5T0LZDX5EE"',
23 silly registry.get     'content-type': 'application/json',
23 silly registry.get     'cache-control': 'max-age=30',
23 silly registry.get     'content-length': '19738',
23 silly registry.get     'accept-ranges': 'bytes',
23 silly registry.get     via: '1.1 varnish',
23 silly registry.get     age: '1231',
23 silly registry.get     'x-served-by': 'cache-fra1221-FRA',
23 silly registry.get     'x-cache': 'HIT',
23 silly registry.get     'x-cache-hits': '2',
23 silly registry.get     'x-timer': 'S1403777864.034164,VS0,VE0',
23 silly registry.get     vary: 'Accept',
23 silly registry.get     'keep-alive': 'timeout=10, max=50',
23 silly registry.get     connection: 'Keep-Alive' } ]
24 silly addNameRange number 2 { name: 'grunt-cli', range: '*', hasData: true }
25 silly addNameRange versions [ 'grunt-cli',
25 silly addNameRange   [ '0.1.0',
25 silly addNameRange     '0.1.1',
25 silly addNameRange     '0.1.2',
25 silly addNameRange     '0.1.3',
25 silly addNameRange     '0.1.4',
25 silly addNameRange     '0.1.5',
25 silly addNameRange     '0.1.6',
25 silly addNameRange     '0.1.7',
25 silly addNameRange     '0.1.8',
25 silly addNameRange     '0.1.9',
25 silly addNameRange     '0.1.10',
25 silly addNameRange     '0.1.11',
25 silly addNameRange     '0.1.12',
25 silly addNameRange     '0.1.13' ] ]
26 verbose addNamed [ 'grunt-cli', '0.1.13' ]
27 verbose addNamed [ '0.1.13', '0.1.13' ]
28 silly lockFile 28997503-grunt-cli-0-1-13 grunt-cli@0.1.13
29 verbose lock grunt-cli@0.1.13 /home/anoop/.npm/28997503-grunt-cli-0-1-13.lock
30 silly lockFile ab76c46e-g-grunt-cli-grunt-cli-0-1-13-tgz https://registry.npmjs.org/grunt-cli/-/grunt-cli-0.1.13.tgz
31 verbose lock https://registry.npmjs.org/grunt-cli/-/grunt-cli-0.1.13.tgz /home/anoop/.npm/ab76c46e-g-grunt-cli-grunt-cli-0-1-13-tgz.lock
32 verbose addRemoteTarball [ 'https://registry.npmjs.org/grunt-cli/-/grunt-cli-0.1.13.tgz',
32 verbose addRemoteTarball   'e9ebc4047631f5012d922770c39378133cad10f4' ]
33 info retry fetch attempt 1 at 15:47:44
34 verbose fetch to= /home/anoop/tmp/npm-8719-B8VPjDU6/registry.npmjs.org/grunt-cli/-/grunt-cli-0.1.13.tgz
35 http GET https://registry.npmjs.org/grunt-cli/-/grunt-cli-0.1.13.tgz
36 http 200 https://registry.npmjs.org/grunt-cli/-/grunt-cli-0.1.13.tgz
37 silly lockFile ab76c46e-g-grunt-cli-grunt-cli-0-1-13-tgz https://registry.npmjs.org/grunt-cli/-/grunt-cli-0.1.13.tgz
38 silly lockFile ab76c46e-g-grunt-cli-grunt-cli-0-1-13-tgz https://registry.npmjs.org/grunt-cli/-/grunt-cli-0.1.13.tgz
39 silly lockFile 28997503-grunt-cli-0-1-13 grunt-cli@0.1.13
40 silly lockFile 28997503-grunt-cli-0-1-13 grunt-cli@0.1.13
41 silly lockFile d63f3d0b-grunt-cli grunt-cli@
42 silly lockFile d63f3d0b-grunt-cli grunt-cli@
43 silly resolved [ { name: 'grunt-cli',
43 silly resolved     description: 'The grunt command line interface.',
43 silly resolved     version: '0.1.13',
43 silly resolved     author: { name: 'Grunt Team' },
43 silly resolved     homepage: 'http://gruntjs.com/',
43 silly resolved     repository: { type: 'git', url: 'git://github.com/gruntjs/grunt-cli.git' },
43 silly resolved     bugs: { url: 'http://github.com/gruntjs/grunt-cli/issues' },
43 silly resolved     licenses: [ [Object] ],
43 silly resolved     bin: { grunt: 'bin/grunt' },
43 silly resolved     engines: { node: '>= 0.8.0' },
43 silly resolved     scripts: { test: 'node bin/grunt test' },
43 silly resolved     preferGlobal: true,
43 silly resolved     dependencies: { nopt: '~1.0.10', 'findup-sync': '~0.1.0', resolve: '~0.3.1' },
43 silly resolved     devDependencies: { grunt: '~0.4.0', 'grunt-contrib-jshint': '~0.2.0' },
43 silly resolved     contributors: [ [Object], [Object], [Object], [Object] ],
43 silly resolved     _id: 'grunt-cli@0.1.13',
43 silly resolved     dist:
43 silly resolved      { shasum: 'e9ebc4047631f5012d922770c39378133cad10f4',
43 silly resolved        tarball: 'http://registry.npmjs.org/grunt-cli/-/grunt-cli-0.1.13.tgz' },
43 silly resolved     _from: 'grunt-cli@',
43 silly resolved     _npmVersion: '1.3.24',
43 silly resolved     _npmUser: { name: 'tkellen', email: 'tyler@sleekcode.net' },
43 silly resolved     maintainers: [ [Object] ],
43 silly resolved     directories: {},
43 silly resolved     _shasum: 'e9ebc4047631f5012d922770c39378133cad10f4',
43 silly resolved     _resolved: 'https://registry.npmjs.org/grunt-cli/-/grunt-cli-0.1.13.tgz' } ]
44 info install grunt-cli@0.1.13 into /usr/lib
45 info installOne grunt-cli@0.1.13
46 info /usr/lib/node_modules/grunt-cli unbuild
47 verbose tar unpack /home/anoop/.npm/grunt-cli/0.1.13/package.tgz
48 silly lockFile 2107e595-r-usr-lib-node-modules-grunt-cli tar:///usr/lib/node_modules/grunt-cli
49 verbose lock tar:///usr/lib/node_modules/grunt-cli /home/anoop/.npm/2107e595-r-usr-lib-node-modules-grunt-cli.lock
50 silly lockFile ef5ce610-npm-grunt-cli-0-1-13-package-tgz tar:///home/anoop/.npm/grunt-cli/0.1.13/package.tgz
51 verbose lock tar:///home/anoop/.npm/grunt-cli/0.1.13/package.tgz /home/anoop/.npm/ef5ce610-npm-grunt-cli-0-1-13-package-tgz.lock
52 silly gunzTarPerm modes [ '755', '644' ]
53 error Error: EACCES, mkdir '/usr/lib/node_modules/grunt-cli'
53 error  { [Error: EACCES, mkdir '/usr/lib/node_modules/grunt-cli']
53 error   errno: 3,
53 error   code: 'EACCES',
53 error   path: '/usr/lib/node_modules/grunt-cli',
53 error   fstream_type: 'Directory',
53 error   fstream_path: '/usr/lib/node_modules/grunt-cli',
53 error   fstream_class: 'DirWriter',
53 error   fstream_stack:
53 error    [ '/usr/lib/node_modules/npm/node_modules/fstream/lib/dir-writer.js:36:23',
53 error      '/usr/lib/node_modules/npm/node_modules/mkdirp/index.js:37:53',
53 error      'Object.oncomplete (fs.js:107:15)' ] }
54 error Please try running this command again as root/Administrator.
55 error System Linux 3.13.0-29-generic
56 error command "/usr/bin/node" "/usr/bin/npm" "install" "grunt-cli" "-g"
57 error cwd /home/anoop/webroot/showtime
58 error node -v v0.10.29
59 error npm -v 1.4.14
60 error path /usr/lib/node_modules/grunt-cli
61 error fstream_path /usr/lib/node_modules/grunt-cli
62 error fstream_type Directory
63 error fstream_class DirWriter
64 error code EACCES
65 error errno 3
66 error stack Error: EACCES, mkdir '/usr/lib/node_modules/grunt-cli'
67 error fstream_stack /usr/lib/node_modules/npm/node_modules/fstream/lib/dir-writer.js:36:23
67 error fstream_stack /usr/lib/node_modules/npm/node_modules/mkdirp/index.js:37:53
67 error fstream_stack Object.oncomplete (fs.js:107:15)
68 verbose exit [ 3, true ]
